# JRE version: Java(TM) SE Runtime Environment (12.0.1+12) (build 12.0.1+12)
# Java VM: Java HotSpot(TM) 64-Bit Server VM (12.0.1+12, mixed mode, sharing, tiered, compressed oops, g1 gc, windows-amd64)
Heap:
 garbage-first heap   total 131072K, used 56963K [0x0000000080800000, 0x0000000100000000)
  region size 1024K, 54 young (55296K), 3 survivors (3072K)
 Metaspace       used 13287K, capacity 15045K, committed 15104K, reserved 1062912K
  class space    used 1523K, capacity 1762K, committed 1792K, reserved 1048576K
GC Heap History (7 events):
Event: 0.509 GC heap before
{Heap before GC invocations=0 (full 0):
 garbage-first heap   total 131072K, used 14336K [0x0000000080800000, 0x0000000100000000)
  region size 1024K, 14 young (14336K), 0 survivors (0K)
 Metaspace       used 3711K, capacity 6890K, committed 7168K, reserved 1056768K
  class space    used 400K, capacity 725K, committed 768K, reserved 1048576K
}
Event: 0.513 GC heap after
{Heap after GC invocations=1 (full 0):
 garbage-first heap   total 131072K, used 2984K [0x0000000080800000, 0x0000000100000000)
  region size 1024K, 2 young (2048K), 2 survivors (2048K)
 Metaspace       used 3711K, capacity 6890K, committed 7168K, reserved 1056768K
  class space    used 400K, capacity 725K, committed 768K, reserved 1048576K
}
Event: 0.681 GC heap before
{Heap before GC invocations=1 (full 0):
 garbage-first heap   total 131072K, used 13224K [0x0000000080800000, 0x0000000100000000)
  region size 1024K, 12 young (12288K), 2 survivors (2048K)
 Metaspace       used 5083K, capacity 7766K, committed 7808K, reserved 1056768K
  class space    used 602K, capacity 889K, committed 896K, reserved 1048576K
}
Event: 0.683 GC heap after
{Heap after GC invocations=2 (full 0):
 garbage-first heap   total 131072K, used 3616K [0x0000000080800000, 0x0000000100000000)
  region size 1024K, 1 young (1024K), 1 survivors (1024K)
 Metaspace       used 5083K, capacity 7766K, committed 7808K, reserved 1056768K
  class space    used 602K, capacity 889K, committed 896K, reserved 1048576K
}
Event: 1.169 GC heap before
{Heap before GC invocations=2 (full 0):
 garbage-first heap   total 131072K, used 33312K [0x0000000080800000, 0x0000000100000000)
  region size 1024K, 30 young (30720K), 1 survivors (1024K)
 Metaspace       used 8956K, capacity 11323K, committed 11392K, reserved 1058816K
  class space    used 1085K, capacity 1385K, committed 1408K, reserved 1048576K
}
Event: 1.172 GC heap after
{Heap after GC invocations=3 (full 0):
 garbage-first heap   total 131072K, used 4739K [0x0000000080800000, 0x0000000100000000)
  region size 1024K, 2 young (2048K), 2 survivors (2048K)
 Metaspace       used 8956K, capacity 11323K, committed 11392K, reserved 1058816K
  class space    used 1085K, capacity 1385K, committed 1408K, reserved 1048576K
}
Event: 2.620 GC heap before
{Heap before GC invocations=3 (full 0):
 garbage-first heap   total 131072K, used 56963K [0x0000000080800000, 0x0000000100000000)
  region size 1024K, 53 young (54272K), 2 survivors (2048K)
 Metaspace       used 13287K, capacity 15045K, committed 15104K, reserved 1062912K
  class space    used 1523K, capacity 1762K, committed 1792K, reserved 1048576K
}

